<?xml version="1.0" encoding="UTF-8"?>
<testng-results ignored="0" total="2" passed="2" failed="0" skipped="0">
  <reporter-output>
  </reporter-output>
  <suite started-at="2024-04-04T09:53:01 BST" name="Default suite" finished-at="2024-04-04T09:53:25 BST" duration-ms="23972">
    <groups>
      <group name="cucumber">
        <method signature="AbstractTestNGCucumberTests.runScenario(io.cucumber.testng.PickleWrapper,io.cucumber.testng.FeatureWrapper)[pri:0, instance:cucumberOptions.TestNGRunner@6be968ce]" name="runScenario" class="io.cucumber.testng.AbstractTestNGCucumberTests"/>
      </group> <!-- cucumber -->
    </groups>
    <test started-at="2024-04-04T09:53:01 BST" name="Default test" finished-at="2024-04-04T09:53:25 BST" duration-ms="23972">
      <class name="cucumberOptions.TestNGRunner">
        <test-method is-config="true" signature="setUpClass(org.testng.ITestContext)[pri:0, instance:cucumberOptions.TestNGRunner@6be968ce]" started-at="2024-04-04T09:53:01 BST" name="setUpClass" finished-at="2024-04-04T09:53:02 BST" duration-ms="1475" status="PASS">
          <params>
            <param index="0">
              <value>
                <![CDATA[org.testng.TestRunner@64524dd]]>
              </value>
            </param>
          </params>
          <reporter-output>
          </reporter-output>
        </test-method> <!-- setUpClass -->
        <test-method signature="runScenario(io.cucumber.testng.PickleWrapper,io.cucumber.testng.FeatureWrapper)[pri:0, instance:cucumberOptions.TestNGRunner@6be968ce]" started-at="2024-04-04T09:53:02 BST" name="runScenario" description="Runs Cucumber Scenarios" data-provider="scenarios" finished-at="2024-04-04T09:53:24 BST" duration-ms="21865" status="PASS">
          <params>
            <param index="0">
              <value>
                <![CDATA["Add a Task, mark as completed and remove from the list"]]>
              </value>
            </param>
            <param index="1">
              <value>
                <![CDATA["To Do List Me Application Verification"]]>
              </value>
            </param>
          </params>
          <reporter-output>
          </reporter-output>
        </test-method> <!-- runScenario -->
        <test-method signature="runScenario(io.cucumber.testng.PickleWrapper,io.cucumber.testng.FeatureWrapper)[pri:0, instance:cucumberOptions.TestNGRunner@6be968ce]" started-at="2024-04-04T09:53:02 BST" name="runScenario" description="Runs Cucumber Scenarios" data-provider="scenarios" finished-at="2024-04-04T09:53:24 BST" duration-ms="21748" status="PASS">
          <params>
            <param index="0">
              <value>
                <![CDATA["Verify Default Page Elements"]]>
              </value>
            </param>
            <param index="1">
              <value>
                <![CDATA["To Do List Me Application Verification"]]>
              </value>
            </param>
          </params>
          <reporter-output>
          </reporter-output>
        </test-method> <!-- runScenario -->
        <test-method is-config="true" signature="tearDownClass()[pri:0, instance:cucumberOptions.TestNGRunner@6be968ce]" started-at="2024-04-04T09:53:24 BST" name="tearDownClass" finished-at="2024-04-04T09:53:25 BST" duration-ms="556" status="PASS">
          <reporter-output>
          </reporter-output>
        </test-method> <!-- tearDownClass -->
      </class> <!-- cucumberOptions.TestNGRunner -->
    </test> <!-- Default test -->
  </suite> <!-- Default suite -->
</testng-results>
